6334
1176019169
6334
1041690153
1176019169
1041690153
6334
15
0
1041690153
1264288823
6334
0
1264288823
1087224229
1031053646
28
1033791763
6334
1053641426
1232337350
1176019169
6334
0
54
6334
1044725087
6334
1284482598
6334
0
1284482598
1284482598
62
6334
1204720227
1164781881
1029242943
1139940148
6334
1284482598
1134508519
1284482598
1097732929
1284482598
1078229876
62
0
1284482598
6334
1284482598
Nu avem 69 elemente!
6334
62
1174676483
6334
1006854372
1284482598
0
1284482598
1029242943
0
6334
0
60
1041690153
60
1134508519
1064087604
1132183342
6334
0
1264288823
0
6334
1264288823
62
6334
1069231202
0
1029242943
1188836477
1225950195
1020316923
1020316923
1118451425
1146068360
1017332949
1264288823
0
1264288823
1114822830
0
63
1264288823
63
1049911903
1264288823
63
1183021991
0
1264288823
62
6334
1164781881
1114822830
1016733851
6334
Nu avem 71 elemente!
0
6334
1268805568
6334
0
63
1178221340
1164781881
1237868935
1035204522
62
1052864700
1237868935
0
1047458896
6334
6334
1006854372
1176019169
61
1006854372
6334
61
6334
1188836477
1221639510
1268805568
0
1268805568
0
61
1124525826
1268805568
0
1114822830
6334
1268805568
6334
59
1268805568
1034672707
57
1047458896
Nu avem 78 elemente!
1268805568
1035204522
56
1118451425
Nu avem 63 elemente!
1018722593
55
1069231202
0
0
Nu avem 70 elemente!
1078229876
6334
1268805568
6334
1150394221
1047458896
1043525829
Nu avem 75 elemente!
1232337350
55
1146068360
1114822830
6334
0
0
1268805568
1221639510
6334
0
1010763455
1268805568
6334
1245674722
1221639510
1268805568
6334
Nu avem 71 elemente!
1114822830
1268805568
0
1268805568
1221639510
0
59
Nu avem 80 elemente!
59
0
1082268380
0
1268805568
1183021991
0
1268805568
0
1268805568
1053708689
1268805568
1041690153
1268805568
1245674722
60
6334
60
0
0
0
6334
1028891048
1029242943
1146068360
6334
0
1018722593
0
1268805568
1245674722
59
1118451425
1178221340
59
1268805568
59
0
1015507926
59
1268805568
0
0
6334
1010861604
1010367577
0
1268805568
1028891048
6334
1198663556
1047458896
1268805568
0
58
1268805568
Nu avem 69 elemente!
1198663556
1232337350
6334
0
6334
1078229876
Nu avem 71 elemente!
1015507926
6334
58
1268805568
6334
1108450758
1072401286
1053708689
58
1087224229
1245674722
1221639510
6334
6334
Nu avem 67 elemente!
6334
1097732929
6334
6334
0
1053708689
1268805568
57
0
57
1047458896
0
1072401286
6334
1268805568
1224366633
58
1019644624
1268805568
1029242943
1264288823
58
1043525829
1268805568
0
1010770390
1268805568
1044725087
6334
Nu avem 64 elemente!
1156861774
0
0
0
Nu avem 65 elemente!
1268805568
1108450758
0
1041690153
1188836477
1146068360
1019644624
1232337350
0
Nu avem 80 elemente!
6334
1062869923
1099564806
0
6334
1099564806
0
Nu avem 72 elemente!
Nu avem 69 elemente!
1183416738
57
0
6334
55
0
1047056853
1268805568
1124525826
0
54
1019644624
6334
0
55
1268805568
1081937607
1268805568
6334
0
55
6334
1010798164
55
1010367577
1221639510
Nu avem 66 elemente!
1004235676
6334
0
55
1221639510
1029242943
55
1268805568
0
55
1146068360
1268805568
6334
1010798164
6334
1097732929
55
1019644624
1221639510
55
1019644624
1017332949
6334
1268805568
Nu avem 90 elemente!
1041690153
55
1015507926
6334
56
1230657278
1124525826
1268805568
1150394221
56
1055961561
0
56
57
1029242943
1124525826
1029242943
1069231202
57
1268805568
6334
0
1029242943
57
6334
58
1264288823
1015507926
58
0
1221639510
1268805568
Nu avem 69 elemente!
59
Nu avem 76 elemente!
1268805568
1047056853
0
59
6334
1268805568
6334
1183416738
0
1188836477
59
1124525826
1099255867
1264288823
1081937607
0
1108450758
1268805568
1108450758
0
6334
0
1019644624
1204010422
1268805568
6334
0
58
0
1268805568
0
1268805568
1108450758
6334
1033520581
6334
0
0
1268805568
1268805568
1198663556
6334
1268805568
1063428144
1268805568
57
Nu avem 63 elemente!
1042067328
0
1089900917
1268805568
6334
1268805568
1249329074
1010798164
6334
0
1114822830
6334
58
1099255867
1100219337
1036025722
57
6334
57
1017332949
1150394221
6334
0
6334
58
1268805568
58
1268805568
1026390952
Nu avem 65 elemente!
1264288823
1178221340
1146068360
1156861774
1268805568
Nu avem 101 elemente!
6334
0
Nu avem 64 elemente!
1268805568
1089900917
1108450758
6334
57
0
1268805568
1134508519
6334
1124525826
0
Nu avem 98 elemente!
1268805568
1078229876
1268805568
1268805568
6334
1178221340
0
1268805568
1078229876
59
1198663556
6334
1268805568
6334
1268805568
57
1015507926
Nu avem 89 elemente!
56
1224366633
56
0
56
0
0
6334
1268805568
56
1033520581
6334
1188836477
6334
1047458896
1033520581
56
1268805568
Nu avem 92 elemente!
6334
0
1224366633
1268805568
6334
1146068360
1268805568
0
1026390952
57
1268805568
1224366633
1061671874
1124525826
1204010422
58
60
0
0
6334
60
Nu avem 62 elemente!
1268805568
6334
Nu avem 105 elemente!
6334
1245674722
1099255867
6334
1010798164
1026390952
1016733851
6334
1268805568
62
1069231202
Nu avem 85 elemente!
63
1198663556
6334
1156861774
0
6334
0
63
0
1188836477
65
6334
1069231202
64
1015388791
1043525829
1064753220
64
6334
Nu avem 65 elemente!
1268805568
64
1010770390
6334
0
0
1268805568
0
64
1008667322
1268805568
6334
64
1100219337
1026390952
1268805568
1134508519
Nu avem 93 elemente!
1104032271
63
1089900917
1200833509
1249329074
0
Nu avem 78 elemente!
1195390509
1141911875
1268805568
1225950195
0
1268805568
63
1084542174
6334
1008667322
0
1195390509
Nu avem 73 elemente!
1268805568
6334
63
0
6334
1268805568
6334
1097732929
0
1268805568
0
63
Nu avem 74 elemente!
0
6334
65
6334
66
0
1307605785
0
1097732929
1150394221
1225950195
Nu avem 75 elemente!
66
0
66
1245674722
1188836477
1204010422
1104032271
1221639510
6334
0
1029242943
1307605785
1036025722
1307605785
6334
1307605785
1100219337
1104032271
1141911875
1307605785
1097732929
1064354718
69
1124525826
1307605785
0
69
Nu avem 127 elemente!
1061671874
Nu avem 101 elemente!
1307605785
70
1224366633
1149952133
Nu avem 95 elemente!
0
6334
70
1053708689
0
1307605785
0
1307605785
1041690153
0
6334
70
1307605785
0
1307605785
0
1026390952
70
1026390952
1307605785
1307605785
0
69
1029242943
69
Nu avem 111 elemente!
69
6334
1064354718
0
1225950195
1307605785
0
1078229876
0
1041690153
0
Nu avem 88 elemente!
1307605785
1195390509
1008667322
1225950195
1097732929
1307605785
1183416738
1064753220
1156861774
1035325452
69
6334
1224366633
0
1035325452
6334
69
6334
1268805568
70
1307605785
70
1015507926
1200833509
70
Nu avem 103 elemente!
1307605785
70
0
1165115726
1307605785
70
1132183342
0
6334
1026390952
1089900917
1043525829
1010798164
1307605785
6334
71
6334
0
1026390952
0
1104032271
72
6334
1029242943
Nu avem 133 elemente!
1154289397
72
1204010422
1188836477
0
1035325452
74
6334
1307605785
1063534023
6334
1024368400
1221639510
1307605785
1047458896
6334
1124525826
0
Nu avem 123 elemente!
6334
1154289397
Nu avem 107 elemente!
1124525826
6334
1162216791
0
1100219337
72
0
1307605785
1010798164
1307605785
0
1034672707
0
1307605785
71
1097732929
1141911875
1029242943
1307605785
0
0
73
1003220999
1078229876
1185571866
0
1030962216
0
1307605785
1031318982
6334
1054610127
0
1307605785
1084542174
0
75
0
1307605785
Nu avem 130 elemente!
6334
1154289397
1307605785
76
1307605785
1008667322
76
1031318982
0
79
1185571866
1307605785
79
1307605785
Nu avem 135 elemente!
1307605785
6334
1054610127
79
1104032271
1307605785
6334
1307605785
6334
1034672707
1307605785
1019644624
1124525826
80
6334
1307605785
78
0
6334
1307605785
1253353952
1064354718
0
0
Nu avem 81 elemente!
0
76
6334
0
1141911875
1029242943
6334
1061671874
1307605785
Nu avem 78 elemente!
76
1307605785
0
1162216791
6334
0
1080821119
1063534023
0
1125527882
1178221340
6334
Nu avem 96 elemente!
1307605785
0
1178221340
1055961561
0
80
0
0
1134508519
0
1238853696
80
1307605785
0
1081937607
1307605785
1307605785
6334
82
0
Nu avem 135 elemente!
0
1097732929
1047458896
1003220999
0
1025542065
1089900917
Nu avem 109 elemente!
1307605785
1034672707
1307605785
Nu avem 83 elemente!
1153763331
1015388791
Nu avem 155 elemente!
1307605785
1080821119
6334
1024368400
1125527882
83
84
6334
Nu avem 90 elemente!
Nu avem 97 elemente!
1307605785
1010798164
0
1015507926
1307605785
0
0
6334
1124525826
87
6334
88
0
88
1200833509
6334
88
1134114908
1072792394
1307752948
1307752948
88
1085133085
1307752948
88
1069231202
1225950195
1030962216
1117060343
6334
88
0
0
6334
1156861774
1124525826
0
0
0
1307752948
6334
1085133085
0
1225950195
1307752948
1054610127
Nu avem 110 elemente!
Nu avem 147 elemente!
1089900917
6334
90
1117060343
0
90
0
1307752948
1072792394
90
1072792394
90
1221983906
1183416738
Nu avem 157 elemente!
90
6334
1188836477
6334
1149952133
90
1029242943
0
1010770390
90
6334
1015388791
1054610127
0
90
6334
0
1200833509
1307752948
0
1069231202
1300083617
90
6334
0
0
6334
1149952133
1307752948
6334
6334
91
0
0
91
1307752948
91
6334
1225950195
0
1081937607
6334
1225950195
Nu avem 153 elemente!
0
90
0
6334
89
6334
89
1042067328
0
89
Nu avem 152 elemente!
6334
0
1008667322
0
89
1307752948
0
1200833509
1035325452
1307752948
1024368400
0
1035325452
6334
1016733851
0
6334
89
0
0
0
1083544017
1078229876
1024368400
6334
1024368400
1061558566
Nu avem 159 elemente!
89
Nu avem 167 elemente!
Nu avem 134 elemente!
1178221340
91
1054610127
0
1080821119
0
1117060343
1003220999
1156861774
0
0
1047458896
92
1178221340
0
0
1072792394
0
1165115726
1307752948
1307752948
1307752948
93
1198663556
93
1085133085
1307752948
1078229876
1084542174
1060030959
6334
1042067328
95
Nu avem 122 elemente!
1024368400
6334
1307752948
0
1069231202
1307752948
1144419122
Nu avem 117 elemente!
1019644624
6334
1307752948
1008667322
1307752948
1153763331
1047458896
6334
97
Nu avem 124 elemente!
97
1019644624
6334
1003220999
0
0
1089900917
1307752948
0
Nu avem 172 elemente!
1156861774
6334
1307752948
1156861774
98
1029242943
6334
0
1139845543
0
6334
97
1307752948
0
1195390509
1307752948
1170202942
98
0
0
Nu avem 170 elemente!
98
1021210324
1152577140
1307752948
1129735915
1100219337
6334
0
1072792394
1307752948
6334
Nu avem 132 elemente!
1307752948
0
0
1307752948
95
0
6334
96
1307752948
1043629086
96
1126931172
Nu avem 101 elemente!
96
1103249239
96
1003220999
Nu avem 122 elemente!
6334
97
0
0
1307752948
1198663556
1007882979
Nu avem 100 elemente!
1097732929
1134508519
1097732929
1307752948
1129735915
0
1307752948
0
0
1134508519
Nu avem 100 elemente!
0
0
6334
1307752948
Nu avem 151 elemente!
0
1043525829
6334
1307752948
0
1307752948
93
1034672707
1307752948
93
1089900917
1268805568
1224366633
92
6334
1089900917
1129774632
0
1307752948
6334
1307752948
1165115726
Nu avem 133 elemente!
93
Nu avem 118 elemente!
93
6334
6334
1307752948
Nu avem 134 elemente!
6334
94
Nu avem 132 elemente!
94
0
1097732929
1307752948
95
1198663556
0
1307752948
95
0
1080821119
1124525826
95
6334
1307752948
6334
1121227999
0
1084542174
1307752948
96
1242880752
6334
1307752948
1307752948
1307752948
1144419122
Nu avem 134 elemente!
0
0
0
6334
Nu avem 179 elemente!
1085133085
94
Nu avem 186 elemente!
1307752948
0
6334
1069231202
6334
0
0
94
Nu avem 160 elemente!
1097732929
6334
1307752948
1030210411
1285802027
1085133085
6334
0
1253353952
1200833509
1069231202
6334
6334
Nu avem 176 elemente!
Nu avem 96 elemente!
1307752948
1156861774
1307752948
0
1078229876
6334
0
Nu avem 110 elemente!
1120999861
1307752948
1268805568
1069231202
6334
1003220999
1016733851
6334
1195390509
6334
1268805568
0
6334
0
1030210411
1307752948
1010798164
97
1307752948
0
6334
1099564806
Nu avem 165 elemente!
Nu avem 173 elemente!
1307752948
97
1055961561
1055961561
6334
1307752948
1047458896
6334
1268805568
1076792827
0
1202343843
1014385585
1047458896
0
1307752948
0
1307752948
6334
0
1307752948
1055961561
1307752948
6334
101
1154701187
0
1016733851
1078547550
1307752948
1182284570
1176205201
1200833509
1307752948
101
1097732929
0
1035325452
0
1119926524
1063428144
6334
102
Nu avem exista succesorul lui 1324629353
0
6334
1186347570
1060030959
1069231202
1027704397
6334
1076792827
1015388791
102
1253353952
0
0
1134114908
1307752948
0
0
1307752948
1072900332
1182284570
1032145306
105
1307752948
1083544017
1043525829
0
1076792827
6334
1307752948
0
6334
Nu avem 165 elemente!
Nu avem 125 elemente!
108
1221983906
0
1043525829
1061671874
108
0
1310521721
0
1310521721
1030210411
1139845543
6334
1061558566
107
Nu avem 138 elemente!
1310521721
0
1089900917
1078547550
0
1237136220
107
1186347570
6334
6334
106
1129774632
1310521721
1310521721
0
1310521721
107
1099255867
0
1253353952
6334
108
1029242943
Nu avem 122 elemente!
1103249239
1031318982
6334
1310521721
1226262559
1310521721
1078547550
6334
0
108
1126931172
0
1016733851
6334
1089900917
6334
0
1237136220
6334
0
1221983906
110
6334
1310521721
1066218490
110
6334
0
110
6334
Nu avem 135 elemente!
Nu avem 186 elemente!
1159171861
1310521721
0
6334
1030210411
1145013291
1156861774
0
1310521721
1007882979
1310521721
1084542174
1104984473
1168192988
6334
110
0
6334
110
1310521721
0
0
1019786363
110
Nu avem 178 elemente!
Nu avem 204 elemente!
Nu avem 201 elemente!
1097732929
6334
1035325452
1149952133
1066218490
0
1222048655
1237136220
1237136220
0
1150691640
1310521721
Nu avem 116 elemente!
1003220999
0
1310521721
0
0
1310521721
111
0
1310521721
0
110
6334
110
1027704397
1004915914
1307752948
6334
1132183342
0
1202343843
1310521721
1085133085
111
1097732929
111
0
1014385585
1310521721
1047458896
0
1047458896
6334
Nu avem 184 elemente!
6334
0
0
0
6334
0
1310521721
6334
112
1310521721
1141911875
111
0
1310521721
1134508519
0
1097732929
112
1016733851
1016733851
0
1126931172
1003220999
1310521721
0
6334
1076792827
6334
113
0
113
0
Nu avem 143 elemente!
113
1310521721
0
6334
Nu avem 183 elemente!
6334
0
1117425102
6334
1027704397
1310521721
114
1310521721
1097732929
115
6334
0
6334
1310521721
1047458896
1009253159
1182284570
0
1156861774
1014385585
1310521721
1083544017
6334
6334
116
0
0
0
1066897684
Nu avem 158 elemente!
115
1310521721
1097732929
6334
1310521721
1156861774
1042067328
0
1154701187
1310521721
1104984473
115
0
1310521721
6334
0
Nu avem 216 elemente!
116
1226262559
116
1000764908
1072900332
0
1150691640
116
1310521721
0
1158447308
1310521721
1010798164
1310521721
6334
1310521721
0
6334
1176205201
6334
1310521721
1055991746
1253353952
6334
Nu avem 219 elemente!
1097732929
0
6334
1202343843
6334
Nu avem 192 elemente!
1277195450
1027704397
6334
1310521721
0
6334
117
0
6334
1031318982
0
Nu avem 138 elemente!
1099411295
1134114908
6334
117
6334
1310521721
1078229876
1076792827
1078547550
1064362926
1035325452
0
117
1310521721
1007882979
1060030959
6334
0
1268805568
1089900917
1019644624
Nu avem 197 elemente!
1083544017
1310521721
1097732929
1019786363
1035325452
118
6334
Nu avem 156 elemente!
Nu avem 179 elemente!
6334
0
1060030959
119
1134508519
1310521721
1178221340
6334
120
1089900917
1043629086
1310521721
120
1188836477
1159171861
1003220999
1042067328
1035325452
1029242943
1310521721
1072900332
0
119
6334
0
1121227999
6334
1310521721
0
1042067328
6334
121
6334
122
1007882979
1111093778
Nu avem 168 elemente!
122
0
1132183342
1024368400
1066218490
Nu avem 174 elemente!
1035325452
1064362926
1085133085
1019786363
1032145306
1200833509
121
0
1310521721
121
0
6334
1310521721
0
1134114908
6334
1008667322
1105345832
1281127731
1213444730
122
1105345832
1168192988
0
122
1310521721
1047458896
6334
122
1222048655
6334
122
1043629086
1027704397
0
6334
1159171861
1004915914
1159171861
123
123
1202343843
1144419122
1144419122
Nu avem 223 elemente!
124
1000764908
1063428144
1117425102
0
6334
124
1310521721
6334
1117425102
1268805568
Nu avem 132 elemente!
124
6334
1066897684
1119926524
Nu avem 139 elemente!
124
1080073648
6334
0
123
1310521721
123
1088299033
1307752948
123
1237136220
1077467325
1310521721
124
1105345832
1310521721
0
123
1310521721
123
1268805568
6334
1221983906
1310521721
124
1066577430
6334
1094651328
0
1002421556
1064362926
1159171861
1310521721
1277195450
1158447308
6334
1055961561
1226262559
125
1047458896
1268805568
1310521721
0
1247679844
1159171861
125
Nu avem 162 elemente!
125
1310521721
6334
1310521721
6334
1026540805
0
1310521721
1035325452
1108068042
6334
0
1009253159
6334
1170202942
0
125
1061593872
1141911875
0
6334
0
6334
1310521721
Nu avem 173 elemente!
125
1021277765
0
1221983906
1310521721
1132183342
1063428144
1108068042
0
6334
1078229876
0
6334
126
1310521721
1202343843
1238911182
126
1108068042
6334
1310521721
0
1125527882
1105345832
Nu avem 196 elemente!
1121227999
0
6334
1031318982
Nu avem 227 elemente!
128
Nu avem 230 elemente!
1055961561
0
1310521721
129
0
0
1078547550
1026540805
1310521721
1122553377
1310521721
6334
1310521721
0
6334
0
Nu avem 176 elemente!
6334
1310521721
1085133085
1108068042
0
1072900332
6334
1310521721
1090550374
1097732929
1080559772
130
1035325452
131
1055991746
131
6334
1016733851
6334
Nu avem 141 elemente!
6334
Nu avem 160 elemente!
1030210411
1213444730
131
0
1042067328
0
Nu avem 144 elemente!
1238911182
1310521721
1195390509
1090550374
131
Nu avem 139 elemente!
131
1168192988
1310521721
Nu avem 146 elemente!
1213444730
1119926524
Nu avem 231 elemente!
1310521721
1281127731
6334
131
1153763331
1176205201
1268805568
131
1185571866
131
1021487964
1002421556
6334
131
Nu avem 184 elemente!
6334
1310521721
6334
1244465767
1282727519
0
1111093778
Nu avem 202 elemente!
1042700737
1084542174
1032145306
0
0
0
1255993703
1085133085
1310521721
1097732929
1125527882
1010798164
1035325452
6334
1010770390
1310521721
1008667322
128
0
1072900332
1212641397
6334
129
6334
129
1110922090
129
1310521721
0
Nu avem 237 elemente!
1055991746
0
Nu avem 199 elemente!
1016733851
131
1111093778
0
0
1026540805
6334
1202343843
6334
0
6334
0
0
1310521721
0
Nu avem 190 elemente!
Nu avem 185 elemente!
1103249239
1061104623
6334
1042067328
0
1310521721
138
Nu avem 218 elemente!
0
1310521721
1068794262
1019644624
1176205201
1002421556
140
1010798164
1237136220
1021487964
6334
1055961561
1153763331
140
1108068042
0
6334
0
1042700737
139
1021487964
1077467325
6334
1153763331
142
1077467325
1310521721
1149952133
0
1310521721
1058922648
1134508519
6334
142
1310521721
1088299033
1058922648
142
143
1226262559
1064362926
1310521721
Nu avem 226 elemente!
1021487964
1282727519
6334
0
142
6334
0
1097732929
1021487964
6334
1310521721
Nu avem 207 elemente!
6334
0
Nu avem 253 elemente!
1061671874
6334
1247679844
0
1188836477
1310521721
0
139
1168192988
1080559772
1097732929
139
1310521721
139
1310521721
6334
1071456348
1307104173
1226262559
0
0
140
Nu avem 169 elemente!
140
1310521721
0
Nu avem 148 elemente!
6334
1310521721
140
1310521721
1090550374
Nu avem 200 elemente!
1032145306
0
139
1145013291
1117425102
1068794262
0
1121199804
Nu avem 239 elemente!
6334
139
1063428144
1144419122
Nu avem 159 elemente!
6334
0
1153763331
Nu avem 237 elemente!
6334
1064362926
1238911182
1078229876
138
Nu avem 200 elemente!
1014385585
0
0
0
1310521721
0
1310521721
0
1034672707
1310521721
1282727519
0
0
1071456348
1021487964
6334
140
141
1282727519
Nu avem 158 elemente!
1055991746
0
6334
Nu avem 201 elemente!
0
142
1104984473
0
1310521721
Nu avem 222 elemente!
142
1043629086
142
0
1034672707
1071456348
1244465767
0
1076792827
1085133085
1000764908
143
143
1014385585
143
1178221340
1097732929
1213444730
0
1047458896
144
6334
1055660208
6334
0
0
1310521721
144
6334
1166059686
1021487964
Nu avem 171 elemente!
6334
0
6334
0
144
0
144
1088299033
1083544017
Nu avem 179 elemente!
1310521721
1058922648
1126931172
1310521721
6334
1281127731
1310521721
1004915914
Nu avem 265 elemente!
1121199804
1173968055
143
1149952133
1252282058
1071456348
1144725389
1149952133
Nu avem 232 elemente!
6334
1019786363
Nu avem 253 elemente!
1310521721
1145013291
144
6334
0
1042700737
1310521721
0
1063428144
0
1154328141
1200833509
0
6334
0
0
0
1066897684
0
1200833509
1310521721
144
1072900332
6334
145
1061104623
1132969016
1016733851
6334
1048644311
144
0
6334
1047458896
1310521721
6334
1110922090
1010798164
1310521721
1097732929
6334
0
0
1000764908
1055961561
6334
144
Nu avem 216 elemente!
145
1007882979
145
6334
145
1200833509
1310521721
1150691640
0
0
6334
0
1004915914
145
6334
6334
1104984473
148
1122553377
0
1188836477
6334
Nu avem 228 elemente!
6334
149
6334
Nu avem 235 elemente!
1310521721
6334
Nu avem 177 elemente!
1076792827
Nu avem 244 elemente!
0
149
1026540805
1310521721
149
1310521721
1071456348
149
6334
1032145306
1310521721
149
6334
1310521721
0
149
1168192988
1000175809
0
1104984473
0
1083544017
0
1186347570
150
1310521721
150
0
1055660208
150
1034672707
1156861774
1173968055
149
Nu avem 200 elemente!
1066897684
0
0
0
0
1036940632
6334
1310521721
0
0
1073632597
148
Nu avem 183 elemente!
0
1088299033
Nu avem 152 elemente!
0
0
1310521721
6334
1166059686
Nu avem 229 elemente!
0
1069231202
0
149
0
1080559772
1310521721
6334
Nu avem 268 elemente!
1188836477
148
1277195450
1139498309
1097732929
6334
Nu avem 261 elemente!
1310521721
1277195450
6334
1071456348
1090550374
0
1063428144
6334
0
1310521721
150
6334
1159171861
1043525829
1073632597
0
1010798164
1117587573
1310521721
6334
1129735915
1064362926
1042067328
1310521721
1073632597
1004915914
156
0
0
1310521721
1043525829
1043525829
6334
0
6334
1043629086
1008241966
158
0
158
159
1268805568
159
0
0
1310521721
0
1124525826
1103249239
Nu avem 294 elemente!
1310521721
1122553377
6334
Nu avem 192 elemente!
1139498309
1043629086
6334
1117425102
6334
1077467325
0
1085133085
1150691640
160
Nu avem 261 elemente!
6334
1178221340
6334
1240370234
159
1185571866
1310521721
0
1134114908
159
1310521721
1103249239
1047458896
0
0
Nu avem 192 elemente!
1294389624
0
1036346312
1310521721
159
1310521721
1168192988
6334
0
6334
1178221340
0
159
1100646660
1083544017
1042067328
1255993703
6334
1076792827
1310521721
6334
1008667322
1032145306
0
0
Nu avem 229 elemente!
0
1042067328
162
1310521721
6334
1310521721
1071456348
161
1310521721
0
1212641397
0
1012884642
1276872722
162
0
1150691640
1058922648
6334
1000764908
1148759337
6334
161
0
162
161
1068794262
1310521721
0
1310521721
161
1069231202
1176205201
0
161
Nu avem 243 elemente!
1185571866
Nu avem 198 elemente!
1310521721
1085133085
1076792827
1310521721
1047458896
6334
Nu avem 163 elemente!
6334
1017356780
1123829974
1226786854
1098833443
Nu avem 178 elemente!
1088661082
6334
0
159
0
1182284570
1133807974
1031936813
161
1106610971
Nu avem 229 elemente!
6334
Nu avem 246 elemente!
1083544017
1310521721
1134114908
1066218490
163
1111867517
1017356780
1085133085
6334
1058922648
Nu avem 231 elemente!
1055991746
163
0
163
6334
1076792827
6334
1126931172
1126931172
1237136220
1071456348
1101957055
164
1106610971
1066218490
0
1310521721
1106610971
0
1310521721
1025533367
165
6334
1025176282
6334
0
1310521721
1200833509
1148759337
166
1061593872
1195390509
166
1126931172
1097732929
1097732929
1002421556
166
Nu avem 223 elemente!
1119926524
6334
6334
Nu avem 228 elemente!
Nu avem 277 elemente!
1310521721
1237136220
1310521721
1068794262
167
1310521721
6334
1310521721
6334
1012884642
170
1034672707
0
0
Nu avem 174 elemente!
1111867517
1037147594
0
1310521721
170
1310521721
1078547550
6334
1029242943
1009862090
1310521721
6334
6334
1108068042
172
1310763698
0
172
1244465767
1310763698
1080559772
1043525829
0
0
1310763698
0
1117425102
1310763698
1025176282
1104984473
0
1141911875
172
1268805568
1088661082
1017356780
1310763698
Nu avem 256 elemente!
1085133085
6334
1101957055
0
0
171
1310763698
1012884642
1139498309
0
1310763698
171
1310763698
1310763698
6334
1178221340
171
0
1176458825
1068794262
1078229876
6334
1088661082
171
1121199804
1310763698
1031936813
6334
0
1071456348
1139498309
6334
1220232551
172
6334
1031936813
0
174
6334
175
0
1200833509
1310763698
1010770390
6334
1121199804
1072900332
1247679844
1125527882
176
1226262559
176
Nu avem 227 elemente!
0
1043525829
177
1185571866
1188836477
1207359494
6334
1058922648
1310763698
1176205201
6334
1310763698
Nu avem 202 elemente!
6334
1132969016
6334
1294389624
Nu avem 257 elemente!
1310763698
0
1061593872
6334
1088299033
Nu avem 327 elemente!
6334
1310763698
1247679844
1310763698
1083544017
6334
1282727519
180
0
1031318982
Nu avem 256 elemente!
6334
Nu avem 318 elemente!
1071456348
181
6334
181
181
6334
181
0
181
1144419122
1220232551
181
1098833443
6334
0
6334
1075596201
6334
181
6334
0
6334
0
1310763698
181
1310763698
0
1076792827
1037176764
1117949247
6334
1310763698
1048084637
6334
1310763698
6334
1310763698
0
1310763698
1117425102
1121199804
180
180
1310763698
Nu avem 319 elemente!
1100646660
1310763698
1119926524
1125527882
1310763698
6334
180
1310763698
0
1164194261
1226262559
180
1117411563
0
1003220999
1085133085
6334
1310763698
6334
1164433408
180
0
1255993703
1037176764
0
1310763698
1055660208
1108374919
1009862090
1103249239
181
1221581707
181
1012884642
1110922090
1097732929
1149952133
0
1310763698
6334
0
1159171861
1061104623
1036346312
1166059686
1207359494
184
1310763698
0
1310763698
Nu avem 338 elemente!
1117587573
1034672707
0
1185571866
1009862090
0
182
1309651697
1042700737
182
Nu avem 185 elemente!
Nu avem 317 elemente!
182
0
6334
182
1066897684
1195390509
1310763698
1181997842
1310763698
6334
1047458896
0
1310763698
1085133085
1030210411
181
6334
0
1098833443
6334
6334
0
1078229876
1167712297
0
1106610971
6334
6334
181
1050829743
1237136220
1166059686
Nu avem 338 elemente!
Nu avem 250 elemente!
1103249239
1021495085
6334
1132183342
1188836477
1030629991
1240370234
6334
1125527882
1121199804
6334
1129774632
1310763698
0
1310763698
0
1310763698
1017880478
1221581707
1021495085
1048084637
1090550374
Nu avem 251 elemente!
1200833509
1255993703
6334
181
6334
Nu avem 189 elemente!
1310763698
1106610971
181
0
1186347570
1093843934
181
182
1310763698
0
6334
1237136220
1159171861
183
1310763698
6334
1037176764
0
1310763698
6334
Nu avem 207 elemente!
0
1159171861
1156861774
0
1186347570
6334
1220232551
1017880478
1310763698
6334
1213444730
186
Nu avem 317 elemente!
0
6334
1310763698
6334
1090550374
0
1149952133
1136159048
1017225167
1170312316
1310763698
1098833443
1113077138
1058922648
6334
1083544017
1220232551
1310763698
0
0
Nu avem 246 elemente!
1037176764
1141911875
0
1167712297
1173110804
186
1310763698
1156861774
1307104173
1012884642
186
0
6334
186
1207359494
0
1075596201
1230419950
186
1088661082
1012884642
0
1109506993
Nu avem 313 elemente!
6334
0
1244465767
1310763698
6334
1255993703
6334
0
1221581707
6334
6334
187
1310763698
1090550374
6334
187
1222018528
187
0
6334
188
1000764908
187
6334
187
1310763698
0
1050829743
1310763698
1113077138
1078547550
1110922090
1066218490
188
0
Nu avem 288 elemente!
0
188
1037176764
188
1063428144
0
Nu avem 286 elemente!
0
1063428144
1310763698
1148759337
0
1310763698
1072109841
0
0
1103249239
6334
1004915914
1192923395
0
1061047634
6334
Nu avem 307 elemente!
0
1170312316
1054402471
0
189
0
6334
1310763698
1139498309
1036189232
1070609519
6334
Nu avem 321 elemente!
0
1310763698
1055991746
1031318982
1277195450
0
Nu avem 331 elemente!
1310763698
6334
1310763698
1144419122
1129774632
1125527882
188
0
1124296137
6334
1176458825
6334
188
0
6334
1310763698
6334
1310763698
0
187
0
1310763698
187
1166059686
1090550374
1310763698
1126931172
1021495085
1066897684
186
1310763698
1036189232
0
0
186
1310763698
1169187139
Nu avem 294 elemente!
1310763698
0
1000175809
1310763698
0
1310763698
187
1310763698
1048084637
187
0
187
1310763698
6334
0
1310763698
187
1124296137
1310763698
1049937884
1133807974
1310763698
0
1156861774
187
1240370234
1257249792
1310763698
0
1310763698
1035325452
1310763698
6334
1103249239
6334
187
0
1192923395
0
Nu avem 347 elemente!
186
1310763698
1171225912
1310763698
0
1310763698
1004915914
1310763698
6334
1117425102
1159171861
0
185
1125527882
186
0
6334
1000764908
1240370234
1026540805
6334
1310763698
1054402471
1310763698
1156861774
0
0
6334
185
1310763698
1029242943
0
1310763698
0
1148759337
1310763698
0
1174153414
6334
Nu avem 257 elemente!
1026540805
1075596201
1310763698
1050829743
1310763698
0
6334
1076792827
0
188
6334
6334
1310763698
188
1310763698
1100646660
Nu avem 317 elemente!
6334
1181997842
6334
1150785465
1310763698
1021487964
187
Nu avem 198 elemente!
6334
1000764908
6334
1136159048
6334
1310763698
6334
1117949247
1310763698
1042517211
6334
187
1310763698
1060944668
1310763698
0
0
1310763698
1310763698
1100646660
1310763698
1061047634
Nu avem 258 elemente!
1039513321
Nu avem 234 elemente!
1066218490
1310763698
185
1041892286
0
186
0
6334
186
0
187
1072109841
0
6334
1310763698
1031936813
1307104173
0
6334
1075596201
1021495085
1173968055
Nu avem 351 elemente!
1064362926
Nu avem 274 elemente!
190
1026540805
1098269579
6334
1145013291
6334
190
1310763698
0
0
1222048655
1148759337
1156861774
1310763698
190
6334
190
0
1310763698
0
1029242943
190
1017356780
1100646660
Nu avem 300 elemente!
0
1310763698
6334
190
1166059686
1257249792
1058922648
1310763698
Nu avem 331 elemente!
1310763698
1129774632
Nu avem 271 elemente!
1117411563
1085133085
190
Nu avem 192 elemente!
Nu avem 291 elemente!
1008667322
191
6334
6334
191
1035325452
1310763698
1042700737
1129774632
1310763698
6334
1117949247
1277633161
1139845543
1000764908
6334
191
1122353790
1164433408
Nu avem 290 elemente!
1122353790
0
6334
191
0
1310763698
6334
0
1109506993
1048644311
0
6334
1164433408
1072109841
Nu avem 196 elemente!
6334
1235272125
1125527882
6334
0
1042067328
194
6334
1310763698
193
1067260254
1310763698
1058181299
193
6334
1310763698
0
0
1042067328
1082139732
1048084637
1029242943
1017225167
6334
193
1075596201
6334
Nu avem 229 elemente!
0
193
1054402471
0
6334
1310763698
0
0
195
1234851456
1159171861
1202343843
0
1310763698
0
1310763698
1090550374
197
1000764908
199
1020267784
1075596201
6334
1080073648
6334
0
1083544017
1141911875
1048644311
6334
Nu avem 204 elemente!
6334
1207359494
1310763698
1255993703
0
6334
Nu avem 354 elemente!
201
6334
6334
1181997842
1060944668
1002639468
200
6334
1310763698
0
1159171861
1268805568
Nu avem 283 elemente!
0
1310763698
0
1159171861
1310763698
1030629991
1054402471
1150785465
Nu avem 311 elemente!
1064362926
1054402471
0
200
1310763698
1017356780
1004915914
0
Nu avem 320 elemente!
1164433408
203
1062100062
6334
1054402471
1213444730
6334
0
6334
1247679844
1141911875
1310763698
1192923395
6334
1098833443
1129774632
1310763698
203
6334
203
0
1220232551
202
0
Nu avem 227 elemente!
1132183342
1110760696
202
0
202
1150785465
1121199804
1072109841
1310763698
0
0
0
1067260254
1029242943
1076792827
1310763698
6334
1008667322
1310763698
6334
1186633733
6334
1310763698
1117587573
Nu avem 212 elemente!
1240370234
1130401139
Nu avem 353 elemente!
1145013291
1310763698
6334
1055991746
205
Nu avem 299 elemente!
1310763698
1139845543
1097732929
6334
0
1101957055
205
Nu avem 315 elemente!
1165426588
203
6334
1108374919
204
1142988306
1310763698
204
1310763698
1049937884
Nu avem 389 elemente!
1060944668
1113077138
0
1115338614
Nu avem 305 elemente!
1310763698
204
6334
1009862090
1159171861
1310763698
1060944668
6334
1090550374
Nu avem 256 elemente!
0
6334
1004229386
0
1067260254
Nu avem 298 elemente!
1002639468
201
1001808059
1035325452
1310763698
201
1100646660
1097732929
1202343843
1002639468
6334
201
1122353790
0
1212641397
1072109841
201
6334
201
Nu avem 282 elemente!
6334
0
201
1097732929
1080073648
0
1310763698
6334
1012884642
1072109841
0
0
1156861774
1245554288
1310763698
1125527882
1021487964
Nu avem 275 elemente!
0
0
200
200
1136159048
6334
200
0
1213444730
1034672707
1310763698
6334
0
1310763698
1031936813
6334
1310763698
6334
Nu avem 279 elemente!
1025533367
201
6334
201
1169187139
1049937884
0
1009862090
6334
1166059686
1257249792
1244465767
6334
6334
204
0
1134114908
1310763698
1032849479
6334
1310763698
6334
Nu avem 229 elemente!
Nu avem 218 elemente!
1004229386
0
1310763698
0
1060700767
6334
1150785465
207
6334
1268805568
1310763698
1065331386
1048644311
1149952133
0
1156861774
1188836477
1078229876
Nu avem 338 elemente!
1050829743
1117425102
6334
1037147594
1310763698
1037176764
1310763698
1309651697
1310763698
0
Nu avem 240 elemente!
208
6334
1127913557
0
1103249239
1139498309
1002639468
0
1310763698
0
6334
6334
Nu avem 267 elemente!
0
1310763698
1097732929
1139309403
208
6334
1113077138
1041982566
1097732929
6334
0
1310763698
1047211034
1087255056
6334
0
6334
1310763698
207
1310763698
1017225167
1310763698
206
1035325452
0
Nu avem 307 elemente!
1046517220
205
6334
1048084637
1041982566
1132643772
1310763698
206
Nu avem 211 elemente!
1209849577
6334
1169187139
1209849577
1310763698
0
6334
208
1310763698
6334
Nu avem 327 elemente!
1150785465
1027970486
207
0
1310763698
1050829743
6334
1019786363
0
0
1200833509
0
0
1017225167
0
1129774632
0
0
1041982566
1228001351
1188836477
1026540805
1186550616
1083544017
1083544017
6334
204
1097732929
1004915914
1054402471
1083544017
1212641397
1004915914
1111388360
1310763698
Nu avem 351 elemente!
1110607378
1235272125
1257249792
205
1125527882
207
1012884642
6334
0
1178217172
6334
0
Nu avem 362 elemente!
207
1181997842
207
1004229386
6334
1117587573
1043525829
1164433408
Nu avem 214 elemente!
1310763698
208
6334
210
0
1310763698
210
1125527882
210
6334
1173425532
0
1310763698
1046517220
210
1012884642
6334
1310763698
1103249239
6334
211
1083544017
1159171861
211
1213444730
1010798164
0
6334
1310763698
6334
1202343843
1150785465
1078229876
1117425102
1310763698
0
1209849577
213
6334
1067260254
6334
1002383132
0
6334
1055991746
1097732929
6334
Nu avem 408 elemente!
1080073648
6334
Nu avem 236 elemente!
Nu avem 307 elemente!
6334
0
1310763698
1100646660
1106511776
1310763698
1134114908
212
1168885495
0
1310763698
6334
Nu avem 232 elemente!
6334
213
1029242943
1024801650
0
1234851456
Nu avem 431 elemente!
213
Nu avem 377 elemente!
1097732929
1039513321
1141911875
1310763698
6334
1225950195
211
0
0
1063428144
Nu avem 266 elemente!
1310763698
0
0
6334
1310763698
6334
1129774632
1168885495
215
0
6334
1017880478
0
1310763698
0
1026540805
1050829743
6334
1088299033
Nu avem 341 elemente!
1139845543
218
0
0
0
6334
0
1001808059
0
1021495085
0
1310763698
217
6334
1010798164
1113077138
217
1310763698
1183836361
1091479447
217
0
1310763698
1173425532
218
1150785465
1282862430
6334
0
1008889955
1019977245
Nu avem 415 elemente!
6334
0
1310763698
1209849577
Nu avem 266 elemente!
0
Nu avem 285 elemente!
1310763698
0
1072585499
1008889955
6334
1310763698
6334
1136159048
1195390509
0
6334
0
1257249792
1091479447
219
6334
220
0
1080073648
1143741236
220
Nu avem 427 elemente!
1030629991
1088299033
1009862090
1251377891
0
220
6334
0
6334
223
1089900917
0
6334
1186633733
1310763698
6334
1030629991
1225950195
1310763698
1119021897
1110607378
6334
0
226
1004915914
1212641397
0
1107568201
6334
1310763698
1031318982
226
1024180217
1255993703
1310763698
1058181299
226
1167712297
1174153414
226
1130401139
226
1310763698
6334
1141911875
6334
226
0
226
6334
0
1117425102
6334
1121199804
227
1310763698
1018329568
1002421556
227
0
Nu avem 393 elemente!
1310763698
227
6334
227
1110922090
227
0
0
6334
227
227
0
1310763698
6334
1076057122
227
1156861774
227
0
1076792827
1023212307
6334
0
Nu avem 306 elemente!
1310763698
1067260254
6334
1002421556
226
1023212307
0
1100646660
6334
1039513321
1029039856
227
1282727519
1310763698
6334
Nu avem 318 elemente!
227
6334
6334
1310763698
1024180217
1002421556
1202343843
1228867494
1150785465
1104984473
0
6334
1012731044
1021495085
1310763698
230
1097732929
1108374919
1266016783
230
0
1310763698
1091479447
1310763698
6334
230
0
1310763698
0
1067841141
1310763698
6334
1097732929
0
1101957055
0
6334
1063428144
230
1101957055
1058181299
Nu avem 354 elemente!
1021362183
0
1020266466
230
1310763698
1103249239
230
0
230
1002383132
1017356780
230
1119021897
230
0
0
1310763698
Nu avem 231 elemente!
6334
229
1310763698
6334
Nu avem 238 elemente!
1055368494
1086552008
229
1013702070
1310763698
1133807974
1310763698
6334
0
1310763698
1055991746
1310763698
230
1002421556
6334
1268978180
0
0
1178217172
1021495085
Nu avem 442 elemente!
1073153652
1310763698
0
1310763698
0
6334
1097732929
1310763698
1294389624
233
6334
Nu avem 375 elemente!
1251377891
1043525829
Nu avem 332 elemente!
0
1073265113
1061047634
1072585499
1097732929
1143741236
6334
6334
1310763698
1124390992
1087255056
1257249792
1141260191
1031936813
6334
6334
1034347661
235
0
1058797467
1276872722
1165426588
1048084637
1310763698
6334
1170312316
6334
0
Nu avem 412 elemente!
1183106829
1310763698
236
6334
1310763698
1156861774
6334
236
Nu avem 270 elemente!
1008889955
236
1029242943
1310763698
1019644624
0
0
1310763698
0
1310763698
0
6334
236
Nu avem 321 elemente!
0
236
1048644311
236
1273018004
1091479447
1129774632
1075551755
1193982157
Nu avem 297 elemente!
236
1235272125
1100646660
6334
Nu avem 416 elemente!
1212641397
1188711658
6334
1042052579
0
6334
237
1124296137
6334
1310763698
1178221340
1097732929
1234851456
1043525829
237
1106511776
237
6334
1030629991
1164433408
237
0
1173033822
0
Nu avem 457 elemente!
0
1310763698
237
1041563023
Nu avem 416 elemente!
1310763698
6334
0
1027970486
0
0
1310763698
1103249239
0
1310763698
1121199804
1164433408
1070170356
1026540805
Nu avem 457 elemente!
0
6334
0
6334
1083544017
1058181299
1310763698
1222522095
0
1212641397
0
Nu avem 331 elemente!
6334
233
0
1066577430
0
233
0
6334
1042700737
1310763698
0
1310763698
0
6334
1065331386
1119021897
Nu avem 245 elemente!
Nu avem 345 elemente!
Nu avem 248 elemente!
0
1202343843
234
1310763698
234
1142988306
1013702070
1117587573
Nu avem 319 elemente!
1164433408
6334
234
1002421556
0
1097732929
6334
1165426588
1209849577
234
Nu avem 258 elemente!
1151433808
6334
1235272125
1049769807
1041982566
1037176764
1310763698
1125527882
6334
Nu avem 415 elemente!
1009862090
0
1193982157
0
1098269579
0
0
233
1009862090
1310763698
1129774632
233
Nu avem 408 elemente!
6334
1174496432
233
1310763698
Nu avem 382 elemente!
1310763698
0
0
1164433408
1038187332
1055368494
6334
6334
Nu avem 362 elemente!
1310763698
0
1091479447
234
1310763698
6334
0
233
6334
Nu avem 243 elemente!
234
Nu avem 383 elemente!
0
1252671089
1036189232
1310763698
236
1101691813
6334
0
1064362926
1310763698
1130401139
235
6334
235
Nu avem 380 elemente!
1097732929
1108791969
0
236
1214732320
1294389624
6334
1135005988
1063428144
235
1090328763
1049769807
0
0
Nu avem 375 elemente!
6334
0
1082139732
6334
1121199804
234
1277633161
234
0
6334
0
234
6334
1076057122
1310763698
0
234
1132643772
1310763698
0
0
1072109841
1074375071
6334
1008889955
1310763698
0
1310763698
232
1310763698
Nu avem 421 elemente!
1257249792
1104984473
1127913557
1076792827
6334
0
6334
1063428144
1310763698
6334
0
Nu avem 383 elemente!
6334
0
1064362926
1017880478
1195390509
1310763698
0
0
1310763698
0
6334
1209849577
1091479447
6334
230
0
1131886566
1276872722
1310763698
1294389624
0
1310763698
6334
1087255056
1310763698
6334
1041562301
233
0
1310763698
233
233
1029242943
6334
1002421556
Nu avem 287 elemente!
Nu avem 308 elemente!
1002421556
0
0
1310763698
6334
6334
Nu avem 414 elemente!
1178217172
1024801650
1008889955
6334
6334
1020962679
1142988306
1235272125
0
1310763698
1165426588
235
1064362926
0
1202343843
1048644311
6334
0
1066897684
1310763698
6334
1310763698
1109506993
Nu avem 246 elemente!
1310763698
1091479447
1043525829
1062100062
0
Nu avem 476 elemente!
1173033822
1036940632
Nu avem 361 elemente!
Nu avem 476 elemente!
6334
1027970486
0
1310763698
1235272125
237
1101691813
0
1019786363
237
6334
0
1034672707
0
1101957055
1307104173
0
0
1055368494
1159171861
1050829743
6334
1294389624
0
238
6334
1174496432
6334
1204422478
1257249792
1310763698
1161312449
6334
Nu avem 377 elemente!
1110922090
1123603019
1111867517
1310763698
1004024471
1041562301
1310763698
240
1310763698
1061047634
0
238
1072585499
6334
0
237
0
Nu avem 374 elemente!
0
1098269579
1310763698
238
6334
1080073648
6334
1008889955
Nu avem 474 elemente!
0
1310763698
238
1310763698
1011859188
Nu avem 376 elemente!
1310763698
238
0
1310763698
1121199804
1066577430
1055961561
240
0
0
6334
239
1310763698
6334
Nu avem 458 elemente!
1192923395
239
6334
0
6334
0
6334
1310763698
1132183342
1011859188
1020266466
1310763698
0
240
1310763698
1127913557
1222048655
Nu avem 364 elemente!
1310763698
1005519561
1310763698
6334
239
1008889955
1026540805
6334
0
0
6334
1310763698
0
1257249792
241
6334
1083329231
1108374919
1310763698
0
1047211034
1310763698
6334
242
0
0
1181997842
1310763698
1055368494
0
1058797467
6334
0
1070170356
Nu avem 275 elemente!
1310763698
Nu avem 362 elemente!
1139845543
Nu avem 264 elemente!
1192923395
1310763698
1042700737
6334
1266016783
1074272691
6334
1142988306
242
6334
1156861774
242
6334
1034672707
0
Nu avem 351 elemente!
1034347661
1017344459
0
243
1195390509
0
6334
1018913273
243
0
6334
1043709395
1310763698
1037147594
1156861774
1121199804
1310763698
6334
1307104173
0
6334
1110607378
1086552008
6334
0
0
0
6334
247
0
Nu avem 323 elemente!
1310763698
247
0
1001286734
1018913273
0
6334
245
1106511776
6334
1055368494
1121199804
1031318982
1310763698
1145013291
0
1012731044
1018913273
1145013291
245
6334
1064362926
6334
1003081820
Nu avem 430 elemente!
1072109841
1141260191
245
1034672707
0
1024180217
Nu avem 471 elemente!
1118439012
1310763698
1005519561
1310763698
0
0
6334
243
6334
0
1228867494
1307104173
0
Nu avem 467 elemente!
1310763698
6334
1310763698
1186633733
1101957055
0
0
243
1310763698
0
1185571866
245
0
245
1310763698
1055368494
245
1310763698
0
0
1192923395
1310763698
1104984473
1310763698
1168295614
Nu avem 281 elemente!
1067841141
1215177481
Nu avem 447 elemente!
1310763698
1215177481
6334
0
1220232551
Nu avem 474 elemente!
6334
1083329231
1013702070
246
1020962679
1148759337
1113077138
1012884642
246
1135708075
0
246
1168295614
1066577430
1307104173
1055961561
246
0
Nu avem 415 elemente!
6334
1091479447
0
1117587573
1310763698
6334
0
6334
1183106829
Nu avem 352 elemente!
0
1310763698
1080073648
1310763698
1055368494
6334
1310763698
1113077138
0
0
245
1310763698
6334
1310763698
Nu avem 474 elemente!
245
6334
246
0
1011078874
1110607378
1310763698
6334
0
246
1093605520
1209849577
1132183342
1310763698
0
1310763698
247
6334
0
1164433408
6334
0
1098269579
248
0
Nu avem 370 elemente!
1310763698
249
0
6334
249
0
0
0
1047458896
1017356780
1058181299
6334
0
1310763698
0
1118439012
0
1036940632
0
Nu avem 450 elemente!
6334
Nu avem 508 elemente!
Nu avem 278 elemente!
6334
1310763698
1148759337
1070170356
0
1310763698
0
1050829743
248
0
0
248
6334
248
0
6334
1136151150
1188949156
1310763698
1046369514
1273018004
1310763698
1013702070
0
249
1072592447
1244062314
1228867494
6334
247
1192923395
1093605520
0
1103249239
1266016783
0
1038187332
6334
1151433808
1282727519
1067841141
6334
1061047634
1310763698
6334
1111867517
1090328763
246
1142988306
1075551755
246
0
1018913273
1226786854
1309651697
246
1178221340
1310763698
246
1049769807
1041562301
1123603019
0
1029242943
0
6334
1248498439
6334
1058181299
1036940632
6334
0
246
1055368494
6334
Nu avem 444 elemente!
0
1104984473
1276872722
1273018004
1080073648
1032849479
0
Nu avem 448 elemente!
Nu avem 379 elemente!
246
1049769807
Nu avem 388 elemente!
1074272691
0
1235272125
1256972462
1067841141
0
0
6334
Nu avem 348 elemente!
1055961561
1310763698
1063428144
1008889955
1029242943
1202343843
1024801650
6334
1310763698
247
247
1310763698
6334
249
1310763698
Nu avem exista succesorul lui 1311382733
0
1248498439
0
1310763698
1050829743
250
6334
250
0
6334
1310763698
1204834659
6334
6334
250
Nu avem 447 elemente!
1035492110
6334
1185571866
250
1109506993
1016204241
1310763698
249
Nu avem 387 elemente!
1310763698
Nu avem 442 elemente!
6334
1310763698
248
1310763698
248
6334
1032387960
248
1058797467
1016204241
6334
248
0
6334
1127913557
1310763698
1087255056
1043709395
1310763698
1080073648
1310763698
1087195892
1080073648
248
0
6334
1055961561
1055368494
1310763698
1066577430
1310763698
0
248
1067841141
6334
0
1049769807
Nu avem 433 elemente!
6334
Nu avem 386 elemente!
1266016783
0
6334
0
1310763698
248
1067841141
1310763698
1042700737
1228867494
Nu avem 273 elemente!
1104984473
1070170356
250
6334
1016204241
1018329568
Nu avem 459 elemente!
1031936813
250
1156861774
6334
1113077138
1158826971
1031936813
Nu avem 472 elemente!
1310763698
1067260254
1087255056
1038187332
1049769807
6334
1077882214
249
6334
1078229876
1025533367
1035325452
249
1090550374
0
1310763698
0
0
1310763698
1075551755
1067841141
250
1310763698
1024180217
0
6334
0
1174496432
0
1042700737
1097732929
1221983906
1116812366
1310763698
1004024471
1168295614
0
0
1310763698
6334
1209849577
1099694312
253
1251377891
253
254
1310763698
6334
1032387960
1061047634
0
1135005988
6334
1310763698
254
1111867517
Nu avem 462 elemente!
0
0
0
1310763698
6334
0
1038099985
1002421556
1085191372
6334
255
Nu avem 431 elemente!
1257249792
Nu avem 507 elemente!
255
1170312316
255
1088596071
1145013291
0
1178221340
Nu avem 523 elemente!
6334
256
0
6334
0
0
6334
1310763698
1122995868
Nu avem 550 elemente!
1310763698
6334
0
0
1310763698
1257249792
1310763698
1310763698
1004024471
Nu avem 483 elemente!
Nu avem 391 elemente!
6334
1104984473
1202343843
1310763698
1199505171
6334
Nu avem 443 elemente!
1204422478
1139309403
1198059723
1310763698
6334
1168295614
Nu avem 533 elemente!
1074086371
0
1038187332
258
1264097463
0
6334
258
1218668469
1310763698
1073168101
1310763698
1136151150
0
1156861774
1310763698
Nu avem 554 elemente!
0
1087255056
1310763698
Nu avem 357 elemente!
257
Nu avem 512 elemente!
6334
1141260191
6334
0
1286450226
1186633733
1025533367
1273018004
1006857117
6334
Nu avem 428 elemente!
0
6334
0
6334
1017344459
6334
1310763698
258
1085191372
258
1090550374
258
6334
Nu avem 483 elemente!
6334
1116812366
6334
1183836361
259
0
1226786854
0
6334
1005519561
1310763698
0
1118439012
6334
1310763698
1257249792
260
1043709395
1310763698
0
1310763698
6334
1310763698
1256972462
1204834659
6334
1159171861
0
1310763698
261
Nu avem 524 elemente!
1057774345
6334
262
1136151150
1310763698
262
0
1104984473
6334
262
1264097463
1310763698
1196657217
262
1048510215
6334
1118439012
1310763698
6334
6334
6334
1090328763
1067841141
262
6334
1076057122
1310763698
Nu avem 553 elemente!
0
1121199804
1001286734
1055273283
6334
263
0
263
0
1310763698
1310763698
6334
6334
0
0
1013702070
1310763698
0
1019977245
1027970486
1074298007
6334
1310763698
0
6334
Nu avem 361 elemente!
Nu avem 297 elemente!
1011078874
0
1011078874
6334
1145013291
1310763698
0
Nu avem 268 elemente!
1202948685
0
1061047634
265
1310763698
6334
1119919742
1009128626
1209849577
Nu avem 397 elemente!
1072585499
Nu avem 315 elemente!
0
265
1310763698
0
265
0
1256972462
6334
0
1080073648
6334
1086552008
1007178212
1073153652
Nu avem 297 elemente!
1018329568
266
1040131719
Nu avem 451 elemente!
1310763698
6334
1222048655
1119919742
1310763698
6334
1026540805
1310763698
Nu avem 531 elemente!
1310763698
266
1310763698
0
0
1121199804
Nu avem 504 elemente!
1188711658
266
1071928008
1132643772
1310763698
Nu avem 471 elemente!
1146908248
6334
1097732929
1066897684
1200833509
1310763698
267
1310763698
267
0
1310763698
1046517220
1150681208
1159171861
0
1310763698
1117587573
Nu avem 483 elemente!
1151433808
0
1100747473
1310763698
1247679844
1040700064
1214732320
0
1111388360
1012731044
1040131719
0
1013702070
1222522095
Nu avem 433 elemente!
1158826971
6334
1067841141
0
1128756501
1029242943
1066218490
1310763698
0
1218143567
1067841141
0
1310763698
0
1247679844
268
6334
1058797467
1108374919
0
1046517220
1209849577
Nu avem 438 elemente!
1310763698
6334
268
1108374919
1046517220
Nu avem 429 elemente!
1061047634
Nu avem 378 elemente!
Nu avem 567 elemente!
0
1310763698
1132183342
1029242943
266
1035492110
1002383132
0
0
0
1012731044
0
1310763698
Nu avem 358 elemente!
6334
265
1110922090
265
1171584518
264
6334
Nu avem 453 elemente!
1066784780
1108374919
Nu avem 372 elemente!
1097732929
1310763698
264
1113077138
1142988306
1021495085
1310763698
0
1161312449
Nu avem 456 elemente!
1310763698
1041562301
1074272691
264
0
1183836361
1310763698
6334
1139309403
1049769807
266
0
6334
Nu avem 500 elemente!
1310763698
1209849577
267
1002383132
6334
1003081820
1174496432
Nu avem 502 elemente!
1310763698
Nu avem 479 elemente!
1310763698
1055273283
1156861774
269
0
6334
0
1310763698
0
1021495085
1024801650
1310763698
0
1119919742
1173033822
1174496432
Nu avem 402 elemente!
1310763698
270
0
1192923395
1044398883
1121199804
1235272125
1055961561
1235272125
1063877690
270
1215177481
6334
0
6334
1122995868
1113077138
6334
1121199804
1118944377
Nu avem 573 elemente!
Nu avem 355 elemente!
6334
1310763698
1228867494
6334
Nu avem 464 elemente!
1310763698
1310763698
6334
272
1310763698
Nu avem 386 elemente!
6334
Nu avem 452 elemente!
1001286734
1266016783
1038099985
272
1310763698
0
6334
0
1209849577
6334
272
6334
1310763698
1128756501
Nu avem 437 elemente!
1310763698
6334
Nu avem 403 elemente!
Nu avem 435 elemente!
1083329231
6334
Nu avem 476 elemente!
6334
1055273283
1200833509
0
0
1200833509
275
Nu avem 399 elemente!
6334
1030177324
1310763698
0
1310763698
1026540805
275
6334
1309651697
1310763698
275
1100747473
1277633161
1035492110
Nu avem 483 elemente!
Nu avem 521 elemente!
1019977245
6334
1063428144
275
Nu avem 578 elemente!
1031936813
1310763698
0
1310763698
275
0
1055273283
1310763698
275
1026540805
Nu avem 506 elemente!
1310763698
6334
1003081820
277
1005519561
1105170391
0
6334
Nu avem 519 elemente!
1174024657
1310763698
277
1046517220
1100747473
0
278
1079043106
0
1310763698
6334
1310763698
1158826971
1058797467
1307104173
1310763698
6334
0
1024180217
1050829743
0
1310763698
1076792827
1133807974
1139309403
Nu avem 403 elemente!
278
1186347570
278
6334
278
Nu avem 574 elemente!
1188949156
1017344459
1168116939
6334
0
1100176462
6334
6334
280
0
6334
1146908248
280
1264097463
280
6334
1310763698
6334
280
1128756501
1124636704
1172305756
0
1310763698
1006046983
1103249239
283
6334
0
1310763698
1004024471
1310763698
6334
Nu avem 289 elemente!
282
6334
1066897684
1102811836
283
0
1042099690
1044398883
1017344459
1136490848
1013572551
1310763698
1027970486
1018329568
0
6334
1188949156
1310763698
6334
283
1204834659
6334
283
1193982157
1310763698
Nu avem 293 elemente!
Nu avem 380 elemente!
Nu avem 524 elemente!
1011859188
1122995868
0
1213444730
1029023171
1310763698
6334
283
Nu avem 511 elemente!
1310763698
Nu avem 602 elemente!
283
1025533367
6334
1141911875
1310763698
6334
283
Nu avem 545 elemente!
1012925769
1310763698
1113873771
0
1163730769
6334
0
6334
1074086371
6334
1159586893
1198059723
1090550374
1127913557
1310763698
282
1196657217
1119919742
282
1077882214
1310763698
1174024657
1310763698
1286450226
1007178212
0
1156861774
6334
282
1032387960
6334
0
281
0
0
1132183342
1118944377
Nu avem 516 elemente!
1310763698
6334
Nu avem 520 elemente!
1310763698
1204834659
1040700064
0
1310763698
280
1244062314
1218668469
1019977245
Nu avem 607 elemente!
279
0
1108374919
279
1310763698
0
1310763698
1196657217
279
1228867494
1038187332
1310763698
279
6334
1310763698
0
0
6334
1097732929
1310763698
6334
Nu avem 504 elemente!
280
1077882214
1173033822
6334
1113077138
1161312449
1310763698
1044398883
281
1040700064
1074298007
Nu avem 578 elemente!
6334
1139440537
281
6334
1066897684
0
1307104173
1009128626
282
6334
1142988306
1223378445
283
1122126035
6334
Nu avem 506 elemente!
6334
283
1310763698
283
1310763698
6334
283
1048746868
0
6334
Nu avem 371 elemente!
0
6334
283
0
1172305756
1218143567
1264097463
6334
Nu avem 515 elemente!
Nu avem 465 elemente!
1310763698
0
1310763698
1055217394
0
1223378445
0
1310763698
1113873771
1168116939
1310763698
1310763698
1310763698
0
6334
0
1005519561
1310763698
6334
1046517220
284
0
1011078874
1040114068
0
1035492110
1310763698
6334
1310763698
1166676422
0
6334
1156861774
1156861774
1310763698
284
0
1146908248
Nu avem 478 elemente!
Nu avem 285 elemente!
0
284
1237255001
0
1093605520
1310763698
0
6334
284
1310763698
1226081309
1185571866
1003081820
284
1310763698
6334
1310763698
1277633161
284
Nu avem 356 elemente!
1067841141
1040700064
1310763698
0
0
1032849479
0
1142988306
1093604556
0
1034347661
Nu avem 353 elemente!
286
0
287
1097732929
1044398883
1310763698
1204834659
1066218490
286
1071928008
1090328763
1310763698
0
286
1122973777
1310763698
1102811836
1128703461
6334
1310763698
0
6334
1067260254
1088596071
6334
1070170356
1071928008
Nu avem 561 elemente!
Nu avem 417 elemente!
288
0
1200833509
1149154854
Nu avem 470 elemente!
288
1310763698
1221983906
0
1037147187
1024180217
289
6334
0
1034347661
291
1310763698
290
1310763698
6334
1046517220
6334
1021701266
1310763698
6334
0
1310763698
290
6334
1032849479
Nu avem 367 elemente!
1055217394
1310763698
1050829743
Nu avem 524 elemente!
1080073648
1145013291
6334
Nu avem 590 elemente!
1310763698
1307104173
1070170356
6334
1310763698
293
0
1035492110
1006857117
0
1196657217
1310763698
294
1166676422
1015335684
0
6334
294
1002383132
1030177324
1030372339
1110607378
0
Nu avem 530 elemente!
0
6334
1145013291
1310763698
296
1310763698
1029242943
Nu avem 578 elemente!
1058797467
6334
0
1310763698
296
1136490848
1051155251
1310763698
1218668469
1310763698
Nu avem 572 elemente!
1029023171
6334
1277633161
297
1122995868
1132643772
1196657217
0
1048746868
1310763698
0
1310763698
6334
0
1223378445
6334
1310763698
0
6334
1310763698
1067260254
1017324326
1011859188
Nu avem 469 elemente!
6334
1043525829
Nu avem 518 elemente!
1310763698
1183106829
0
1019644624
1121199804
0
0
1310763698
1072109841
1310763698
0
6334
1167911424
0
0
1029023171
1310763698
0
Nu avem 341 elemente!
1113873771
1204834659
6334
1212641397
1145013291
1103552727
6334
Nu avem 559 elemente!
1067260254
300
0
1063813489
1031196005
1310763698
6334
300
1310763698
1041982566
1122126035
1310763698
0
0
1145013291
1113077138
6334
300
0
1088596071
1204834659
1310763698
6334
1310763698
1067260254
Nu avem 601 elemente!
Nu avem 598 elemente!
1004024471
300
1164433408
1310763698
1165426588
0
1310763698
6334
1042645655
1310763698
1065331386
1082139732
1310763698
1256972462
1012884642
1142988306
1024180217
1310763698
Nu avem 627 elemente!
1310763698
0
1178221340
1118439012
1193982157
0
300
0
0
1125527882
1108374919
1043525829
300
1310763698
300
0
1310763698
300
1310763698
1065280085
0
1281831741
1135708075
6334
1080073648
Nu avem 515 elemente!
0
1050829743
0
6334
Nu avem 404 elemente!
1127796934
1310763698
6334
1135005988
1007178212
300
1212641397
1310763698
Nu avem 547 elemente!
301
6334
1266016783
1310763698
1310763698
1099694312
300
1013702070
1100747473
300
1310763698
1307104173
1310763698
1168295614
301
1310763698
Nu avem 621 elemente!
301
0
6334
1034347661
1119072207
1055217394
6334
0
1188949156
6334
1050563703
6334
0
1119919742
6334
1161312449
1101691813
0
6334
6334
1113077138
1009128626
1105170391
Nu avem 612 elemente!
Nu avem 637 elemente!
1310763698
302
1307104173
0
1011859188
302
Nu avem 568 elemente!
6334
0
0
6334
1136151150
6334
1226081309
1072109841
1058797467
1310763698
1049822559
6334
302
1310763698
301
6334
0
1026540805
1026540805
1307104173
6334
1066407489
1310763698
6334
1074086371
6334
1310763698
1079043106
1310763698
0
Nu avem 428 elemente!
1089449982
304
6334
1281831741
1118439012
6334
1235272125
1310763698
0
6334
1310763698
1077414521
1087195892
1027545824
1012884642
1101691813
0
Nu avem 576 elemente!
Nu avem 472 elemente!
6334
0
1264097463
1080073648
Nu avem 564 elemente!
6334
1118726817
1310763698
0
1102811836
1100747473
1310763698
6334
1310763698
1119919742
6334
1170204369
1310763698
0
303
Nu avem 439 elemente!
1248498439
6334
303
Nu avem 441 elemente!
6334
1310763698
1199505171
1013702070
0
0
1310763698
1055660208
1132183342
6334
1222522095
6334
Nu avem 386 elemente!
1017344459
Nu avem 555 elemente!
302
1181093931
1310763698
1019750198
1310763698
301
1072592447
302
1310763698
1011078874
1310763698
6334
1065200413
303
6334
1113077138
303
0
1178221340
1166676422
1310763698
Nu avem 492 elemente!
1310763698
1024180217
303
1016776571
303
Nu avem 507 elemente!
1065200413
1125527882
0
304
1156861774
302
1132183342
6334
0
1310763698
Nu avem 598 elemente!
1166676422
1136490848
1310763698
303
1310763698
6334
1019750198
1135708075
302
303
6334
302
1055217394
Nu avem 562 elemente!
Nu avem 521 elemente!
1310763698
302
6334
1310763698
302
1009128626
Nu avem 586 elemente!
1310763698
0
302
1310763698
Nu avem 465 elemente!
0
0
Nu avem 643 elemente!
0
303
1204834659
1142890503
6334
1310763698
1075534571
303
1277633161
6334
303
0
1266016783
1263084218
0
1310763698
304
1310763698
1125527882
0
1086552008
0
1004024471
304
0
6334
1007178212
304
Nu avem 463 elemente!
304
Nu avem 596 elemente!
6334
1071928008
6334
Nu avem 413 elemente!
1310763698
6334
1069567135
1310763698
0
306
0
1087255056
0
1214429474
Nu avem 470 elemente!
Nu avem 592 elemente!
1073168101
306
1310763698
1136490848
1056275592
307
1235272125
0
308
Nu avem 393 elemente!
0
1055217394
Nu avem 455 elemente!
1181093931
6334
Nu avem 654 elemente!
0
1030372339
1196657217
Nu avem 503 elemente!
1048510215
308
1196657217
6334
1307104173
1030372339
6334
1196657217
1124390992
1279632019
1310763698
1279632019
1026540805
6334
310
1310763698
Nu avem 644 elemente!
1093605520
310
1124636704
1223378445
Nu avem 361 elemente!
310
1310763698
1048510215
310
1159586893
310
1310763698
0
310
Nu avem 580 elemente!
1093604556
309
1310763698
1307104173
0
1072592447
309
6334
0
6334
1310763698
1040114068
1185571866
0
1310763698
1040114068
1310763698
1058797467
6334
Nu avem 542 elemente!
6334
1105170391
307
0
6334
1071928008
1012884642
1310763698
6334
1310763698
6334
308
Nu avem 403 elemente!
1310763698
6334
0
0
309
1063145119
1277633161
6334
1067841141
6334
0
1310763698
0
1164433408
Nu avem 385 elemente!
6334
1198059723
1310763698
308
0
308
1142093515
1101691813
1307104173
0
1310763698
6334
1310763698
1103382641
1012884642
Nu avem 454 elemente!
308
6334
1286450226
1065200413
1310763698
0
6334
308
1086552008
1103552727
1174496432
0
1286450226
1310763698
1006857117
0
307
6334
1268805568
1102811836
6334
308
1173033822
308
0
1022304234
1310763698
Nu avem 656 elemente!
1263084218
0
1097732929
1248498439
6334
1310763698
0
1055217394
0
1151433808
6334
Nu avem 322 elemente!
307
6334
1199505171
1042932992
1188467515
1032387960
0
1268805568
1158826971
Nu avem 313 elemente!
1185571866
0
1150681208
1031936813
307
0
6334
1132183342
0
Nu avem 414 elemente!
6334
1001219022
308
Nu avem 463 elemente!
Nu avem 461 elemente!
0
1193694583
1310763698
0
0
6334
0
1310763698
309
6334
1183106829
6334
1310763698
1310763698
0
1063145119
0
0
1099694312
0
Nu avem 535 elemente!
Nu avem 556 elemente!
1310763698
1310763698
1103552727
0
0
1310763698
1054206534
1310763698
1108374919
6334
1310763698
1031936813
1167911424
1310763698
313
6334
0
1310763698
6334
1063145119
6334
1310763698
1072592447
Nu avem 482 elemente!
0
1110607378
0
1150938515
1015335684
1310763698
0
1006857117
1080073648
1011078874
1011078874
Nu avem 368 elemente!
315
1038187332
0
1142890503
316
0
316
Nu avem 626 elemente!
1214429474
1310763698
316
Nu avem 321 elemente!
1310763698
318
6334
Nu avem 661 elemente!
6334
1310763698
0
6334
1049611975
1310763698
0
1066897684
Nu avem 599 elemente!
Nu avem 486 elemente!
1198059723
1310763698
6334
1178221340
Nu avem 321 elemente!
1161886704
1310763698
320
0
6334
320
6334
1063145119
1229532031
6334
0
1020962679
320
1035492110
320
1055217394
320
1310763698
320
1310763698
0
0
320
1310763698
320
1077882214
6334
Nu avem 479 elemente!
321
1017880478
1160715871
1004024471
320
1161312449
0
320
Nu avem 503 elemente!
0
6334
0
320
1310763698
6334
1212851602
0
1011078874
1139866899
1135501912
321
1041562301
1310763698
321
0
0
0
0
1125527882
1101338297
6334
320
6334
1310763698
1086552008
1011078874
1151261691
6334
320
6334
320
1083329231
1040114068
1116612439
Nu avem 449 elemente!
0
1185571866
321
1071928008
1128703461
1186633733
321
1103382641
1310763698
1006857117
6334
1015343464
1047211034
1114821607
6334
0
1071928008
321
0
1009179481
1156861774
1047988001
1196657217
6334
0
1310763698
0
6334
1093604556
6334
1067260254
1009179481
1055961561
321
320
1066577430
320
0
1063145119
1139866899
1057987202
320
1156861774
0
1101338297
0
0
6334
6334
320
1034347661
0
Nu avem 386 elemente!
1310763698
1027545824
1070392929
1024801650
319
0
6334
1196657217
6334
1026540805
1082139732
Nu avem 369 elemente!
1310763698
6334
1310763698
320
1091684449
Nu avem 474 elemente!
1132183342
1310763698
1192923395
6334
1310763698
1263084218
0
1310763698
6334
321
6334
Nu avem 338 elemente!
1310763698
321
322
0
323
1310763698
323
1054206534
6334
1116612439
6334
0
1310763698
6334
Nu avem 566 elemente!
6334
1142890503
1133807974
1011078874
1186633733
1063701566
327
1310763698
1097732929
6334
1310763698
0
0
1063813489
329
1032387960
1108791969
0
330
331
1310763698
Nu avem 556 elemente!
6334
331
0
332
1181093931
1172305756
1116612439
332
6334
0
332
1310763698
6334
0
6334
1020962679
1137516000
Nu avem 508 elemente!
6334
331
0
Nu avem 671 elemente!
1310763698
6334
0
1073265113
0
1310763698
6334
1192923395
329
6334
1169187139
1069567135
1310763698
1310763698
0
6334
1118726817
1032387960
1006046983
331
1143268392
1310763698
1050829743
6334
0
1181997842
0
333
6334
1218668469
1047988001
Nu avem 500 elemente!
Nu avem 608 elemente!
6334
334
1029133033
1031318982
0
1310763698
1025533367
1158822083
336
1310763698
1057987202
1029023171
1310763698
6334
1069567135
Nu avem 453 elemente!
6334
0
6334
0
Nu avem 444 elemente!
337
338
1310763698
0
1113873771
0
1058797467
1004024471
1244062314
0
341
1310763698
0
1024801650
1054206534
1310763698
1065331386
341
1310763698
Nu avem 463 elemente!
0
1063701566
6334
Nu avem 623 elemente!
1007178212
1090550374
6334
1074314634
1022304234
1006046983
1276872722
6334
1072592447
1125527882
339
1194800041
1310763698
1310763698
0
1204834659
1310763698
1051062090
6334
Nu avem 575 elemente!
Nu avem 345 elemente!
1111388360
341
1132183342
0
0
341
0
6334
0
1310763698
341
0
1103552727
340
1185571866
1018913273
0
1056275592
1063145119
1189232310
6334
341
6334
0
0
1118726817
1047988001
1124636704
6334
1172305756
Nu avem 344 elemente!
6334
1137516000
1282862430
1181093931
Nu avem 592 elemente!
Nu avem 538 elemente!
1114821607
6334
1124636704
1038187332
6334
1141911875
1159586893
6334
1277633161
6334
1027783314
0
340
6334
1310763698
6334
1310763698
6334
1022304234
342
0
342
1121199804
6334
0
0
1070392929
1090328763
6334
1310763698
341
0
Nu avem 681 elemente!
1026540805
Nu avem 629 elemente!
1065200413
1146908248
0
1032387960
1105489467
1208625606
1310763698
6334
Nu avem 708 elemente!
340
6334
340
0
6334
340
1310763698
0
0
Nu avem 577 elemente!
1100747473
1156861774
339
0
339
1054206534
6334
1063145119
1310763698
1019552519
1310763698
6334
0
0
1121199804
0
1035492110
1048880361
0
1310763698
1054206534
1211389730
1113077138
1310763698
1079043106
6334
0
Nu avem 682 elemente!
1310763698
1043341028
343
1161886704
Nu avem 530 elemente!
343
1124636704
1310763698
1229532031
1198436299
1310763698
0
0
1148571159
1102811836
0
1103552727
1310763698
1118439012
1199505171
0
343
1005519561
1130275393
1037147187
1038187332
6334
Nu avem 553 elemente!
343
1229532031
1141911875
344
1310521721
0
1009128626
1092390653
6334
0
1250618503
346
0
346
1310521721
6334
1116812366
6334
346
1256972462
6334
0
1310521721
1021495085
1264097463
6334
1181093931
0
1310521721
347
1310521721
6334
1006857117
6334
1025721915
348
0
1028190827
1211389730
6334
0
347
1307104173
347
6334
0
6334
1004515684
348
0
348
6334
1310521721
348
6334
0
0
349
0
1099694312
349
6334
6334
Nu avem 457 elemente!
6334
1221983906
0
1229532031
6334
6334
0
0
Nu avem 590 elemente!
Nu avem 571 elemente!
1143268392
1035492110
6334
348
1024801650
1310521721
1058797467
0
6334
1310521721
1113873771
1310521721
Nu avem 477 elemente!
6334
Nu avem 595 elemente!
1310521721
0
6334
Nu avem 610 elemente!
347
Nu avem 674 elemente!
1310521721
6334
348
0
6334
1141911875
6334
1013702070
0
1277195450
Nu avem 355 elemente!
6334
1090328763
1016278653
Nu avem 741 elemente!
348
1119442223
1310521721
349
1185571866
349
348
1113077138
0
6334
1135005988
0
0
0
347
0
6334
1020962679
1037147187
1310521721
Nu avem 724 elemente!
0
1310521721
6334
1128621064
0
1310521721
1310521721
6334
1015895556
0
1040114068
6334
Nu avem 707 elemente!
347
1004515684
6334
1066218490
1244062314
0
0
1005601064
1047458896
6334
1310521721
Nu avem 489 elemente!
1310521721
348
1040700064
351
1070392929
1110922090
Nu avem 490 elemente!
1141911875
1035492110
1310521721
1069567135
352
1074314634
352
Nu avem 401 elemente!
352
1114115745
353
1001219022
Nu avem 546 elemente!
Nu avem 393 elemente!
1050829743
Nu avem 457 elemente!
1015343464
1042700737
0
0
0
6334
1310521721
352
0
6334
1170312316
1117347814
Nu avem 556 elemente!
1015447304
1256972462
1192923395
6334
1006857117
352
0
0
1134288854
352
1310521721
Nu avem 602 elemente!
Nu avem 710 elemente!
1067260254
1109506993
1091479447
1105170391
1122126035
Nu avem 674 elemente!
1161312449
352
6334
352
0
6334
352
6334
1050829743
0
352
353
1310521721
353
6334
1057172281
6334
353
1221983906
1124390992
1050563703
6334
Nu avem 680 elemente!
0
0
1310521721
0
0
1132643772
1287296283
0
Nu avem 382 elemente!
353
6334
1001219022
6334
1069567135
Nu avem 606 elemente!
1310521721
1006857117
0
1092390653
1156861774
1105489467
6334
Nu avem 382 elemente!
354
1310521721
0
6334
1310521721
1038187332
0
1238578187
1156861774
6334
1116612439
1310521721
1001219022
1206204075
1174024657
1310521721
353
0
1049769807
0
353
1310521721
Nu avem 752 elemente!
1086187971
1310521721
0
1157226056
353
1135797519
353
6334
1310521721
1217117552
Nu avem 606 elemente!
1208625606
1073265113
1139440537
0
6334
Nu avem 462 elemente!
0
1159586893
Nu avem 683 elemente!
6334
1310521721
6334
1069567135
354
1121199804
354
6334
1310521721
354
1040114068
354
Nu avem 491 elemente!
1050829743
1273018004
1114115745
1310521721
0
354
1173033822
1088596071
355
1179133016
1310521721
1070170356
6334
0
354
1097732929
Nu avem 758 elemente!
6334
1121199804
1310521721
1056452756
6334
1310521721
6334
1163897547
Nu avem 536 elemente!
0
1183836361
1066405412
356
1142890503
6334
356
6334
1097732929
Nu avem 361 elemente!
0
357
1310521721
357
1310521721
0
Nu avem 737 elemente!
1080073648
358
1179133016
0
1244062314
Nu avem 716 elemente!
1310521721
0
0
1104984473
6334
1310521721
Nu avem 651 elemente!
6334
6334
1185571866
1310521721
360
1086187971
1132183342
1310521721
361
362
0
1310521721
1097732929
362
1310521721
1003222309
6334
1310521721
1114821607
1176365820
1310521721
1044398883
1211389730
1221983906
364
6334
1310521721
6334
1139866899
1218668469
0
0
0
1069567135
Nu avem 528 elemente!
364
1310521721
1018913273
1310521721
1011078874
1310521721
0
0
363
1022446455
1310521721
6334
1310521721
1151800889
6334
1310521721
1310521721
1000130937
1212641397
1128703461
1022304234
1058797467
1119442223
1310521721
1029023171
1212851602
0
1310521721
1050829743
0
1083066407
0
1310521721
1213444730
1083329231
Nu avem 527 elemente!
1097732929
6334
363
1149014553
6334
1310521721
6334
363
6334
0
1043341028
363
1218668469
1310521721
1029023171
Nu avem 715 elemente!
6334
0
1310521721
0
6334
0
1310521721
1206204075
364
6334
1122126035
364
0
1136400285
1235272125
364
6334
1310521721
1015343464
0
364
1099694312
1118439012
1310521721
0
1043709395
0
364
1310521721
1076351225
1310521721
Nu avem 395 elemente!
0
366
1048880361
1080073648
Nu avem 677 elemente!
6334
1016776571
1082121005
1093605520
1042932992
0
0
1179133016
365
1310521721
1070392929
1204834659
1054206534
366
6334
6334
367
6334
1139866899
Nu avem 377 elemente!
367
0
367
6334
1310521721
1310521721
6334
1310521721
6334
1310521721
368
1063097994
6334
368
6334
1310521721
0
6334
367
Nu avem 650 elemente!
Nu avem 623 elemente!
1114821607
6334
1310521721
1050829743
367
6334
0
6334
Nu avem 668 elemente!
1310521721
0
0
Nu avem 531 elemente!
1310521721
1103382641
1310521721
6334
368
6334
368
0
1186633733
1163897547
Nu avem 728 elemente!
368
6334
0
1146908248
1286450226
1170312316
0
Nu avem 750 elemente!
Nu avem 655 elemente!
1310521721
1263084218
0
1113077138
1310521721
1202006643
1042932992
369
6334
1163897547
1310521721
Nu avem 701 elemente!
370
0
1310521721
1310521721
1174496432
0
1040700064
1148571159
1310521721
372
1310521721
373
1310521721
6334
1144096487
1090328763
6334
1093604556
6334
1135005988
1069567135
6334
1139923301
0
1103555808
1310521721
1138893385
6334
0
375
1043679569
0
1247679844
0
1204834659
1226081309
0
1310521721
1105489467
1119940184
Nu avem 636 elemente!
6334
1310521721
1061866260
Nu avem 641 elemente!
1124390992
375
1310521721
Nu avem 783 elemente!
375
0
1310521721
1003222309
0
1163897547
1137112020
0
6334
Nu avem 614 elemente!
1133807974
375
0
1050829743
376
Nu avem 640 elemente!
1133807974
Nu avem 625 elemente!
377
6334
0
6334
377
1111867517
Nu avem 557 elemente!
0
1069567135
1196657217
376
1128703461
1086187971
1050829743
1174496432
1063097994
1099747329
6334
6334
1186347570
0
1310521721
0
Nu avem 514 elemente!
6334
1040114068
1310521721
1103555808
0
6334
1169187139
6334
0
6334
1063097994
Nu avem 756 elemente!
1314425142
1121199804
6334
1314425142
1016776571
6334
1314425142
6334
1027783314
1113077138
Nu avem 759 elemente!
1244062314
380
1141911875
6334
380
1314425142
380
1203334018
380
1314425142
1003222309
6334
1314425142
1192923395
0
1314425142
1221983906
1054206534
0
1314425142
0
1314425142
0
0
384
1114115745
1020962679
6334
384
Nu avem 470 elemente!
1003222309
383
1151800889
0
1101300741
1141911875
1314425142
1235272125
0
1055961561
1050563703
0
0
1065200413
1135005988
383
1314425142
1292868848
1034347661
383
1314425142
1093604556
384
6334
1252671089
1138893385
Nu avem 774 elemente!
